<?xml version="1.0" encoding="UTF-8"?>
<!-- Generated by org.testng.reporters.JUnitReportReporter -->
<testsuite hostname="DESKTOP-5EESGLJ" name="TestNGEx.ParametersXML" tests="2" failures="0" timestamp="19 Oct 2017 09:02:37 GMT" time="0.007" errors="0">
  <testcase name="main" time="0.005" classname="TestNGEx.ParametersXML"/>
  <testcase name="main" time="0.002" classname="TestNGEx.ParametersXML"/>
</testsuite> <!-- TestNGEx.ParametersXML -->
