<?xml version="1.0" encoding="UTF-8"?>
<!-- Generated by org.testng.reporters.JUnitReportReporter -->
<testsuite hostname="DESKTOP-5EESGLJ" name="TestNGEx.dependsOnTest" tests="3" failures="0" timestamp="19 Oct 2017 09:15:00 GMT" time="0.016" errors="0">
  <testcase name="Inbox" time="0.001" classname="TestNGEx.dependsOnTest"/>
  <testcase name="logout" time="0.003" classname="TestNGEx.dependsOnTest"/>
  <testcase name="login" time="0.012" classname="TestNGEx.dependsOnTest"/>
</testsuite> <!-- TestNGEx.dependsOnTest -->
