<?xml version="1.0" encoding="UTF-8"?>
<!-- Generated by org.testng.reporters.JUnitReportReporter -->
<testsuite hostname="DESKTOP-5EESGLJ" name="TestNGEx.Dataprovider3" tests="3" failures="0" timestamp="19 Oct 2017 09:56:18 GMT" time="0.025" errors="0">
  <testcase name="test1" time="0.014" classname="TestNGEx.Dataprovider3"/>
  <testcase name="test1" time="0.009" classname="TestNGEx.Dataprovider3"/>
  <testcase name="test1" time="0.002" classname="TestNGEx.Dataprovider3"/>
</testsuite> <!-- TestNGEx.Dataprovider3 -->
