<?xml version="1.0" encoding="UTF-8"?>
<!-- Generated by org.testng.reporters.JUnitReportReporter -->
<testsuite hostname="DESKTOP-5EESGLJ" name="TestNGEx.class2" tests="1" failures="0" timestamp="19 Oct 2017 07:16:55 GMT" time="0.006" errors="0">
  <testcase name="TC1" time="0.006" classname="TestNGEx.class2"/>
</testsuite> <!-- TestNGEx.class2 -->
