<?xml version="1.0" encoding="UTF-8"?>
<!-- Generated by org.testng.reporters.JUnitReportReporter -->
<testsuite hostname="DESKTOP-5EESGLJ" name="TestNGEx.DataProviderEx" tests="3" failures="0" timestamp="21 Sep 2017 05:52:53 GMT" time="9.922" errors="0">
  <testcase name="searchmethod" time="3.263" classname="TestNGEx.DataProviderEx"/>
  <testcase name="searchmethod" time="3.461" classname="TestNGEx.DataProviderEx"/>
  <testcase name="searchmethod" time="3.198" classname="TestNGEx.DataProviderEx"/>
</testsuite> <!-- TestNGEx.DataProviderEx -->
