<?xml version="1.0" encoding="UTF-8"?>
<!-- Generated by org.testng.reporters.JUnitReportReporter -->
<testsuite hostname="DESKTOP-5EESGLJ" name="BatchFileExecution.TestA" tests="3" failures="0" timestamp="1 Nov 2017 13:06:14 GMT" time="2.851" errors="0">
  <testcase name="testPageTitleSampleA" time="2.842" classname="BatchFileExecution.TestA"/>
  <testcase name="testSampleTwo" time="0.003" classname="BatchFileExecution.TestA"/>
  <testcase name="testSampleThree" time="0.006" classname="BatchFileExecution.TestA"/>
</testsuite> <!-- BatchFileExecution.TestA -->
