<?xml version="1.0" encoding="UTF-8"?>
<!-- Generated by org.testng.reporters.JUnitReportReporter -->
<testsuite hostname="DESKTOP-5EESGLJ" name="TestNGEx.HRMApplyLeave" tests="2" failures="0" timestamp="8 Sep 2017 06:01:47 GMT" time="0.028" errors="0">
  <testcase name="AnnualLeave" time="0.015" classname="TestNGEx.HRMApplyLeave"/>
  <testcase name="PersonalLeave" time="0.013" classname="TestNGEx.HRMApplyLeave"/>
</testsuite> <!-- TestNGEx.HRMApplyLeave -->
