<?xml version="1.0" encoding="UTF-8"?>
<!-- Generated by org.testng.reporters.JUnitReportReporter -->
<testsuite hostname="DESKTOP-5EESGLJ" name="TestNGEx.ParalleleExecution" tests="2" failures="0" timestamp="19 Oct 2017 11:20:56 GMT" time="0.532" errors="0">
  <testcase name="test2" time="0.266" classname="TestNGEx.ParalleleExecution"/>
  <testcase name="test1" time="0.266" classname="TestNGEx.ParalleleExecution"/>
</testsuite> <!-- TestNGEx.ParalleleExecution -->
