<?xml version="1.0" encoding="UTF-8"?>
<!-- Generated by org.testng.reporters.JUnitReportReporter -->
<testsuite hostname="DESKTOP-5EESGLJ" name="BatchFileExecution.TestB" tests="2" failures="0" timestamp="1 Nov 2017 13:06:14 GMT" time="3.313" errors="0">
  <testcase name="testPageTitleSampleB" time="3.311" classname="BatchFileExecution.TestB"/>
  <testcase name="testSampleOneB" time="0.002" classname="BatchFileExecution.TestB"/>
</testsuite> <!-- BatchFileExecution.TestB -->
