<?xml version="1.0" encoding="UTF-8"?>
<!-- Generated by org.testng.reporters.JUnitReportReporter -->
<testsuite hostname="DESKTOP-5EESGLJ" name="TestNGEx.DateTimePicker" tests="1" failures="0" timestamp="20 Sep 2017 08:24:16 GMT" time="1.603" errors="0">
  <testcase name="dateandtimepicker" time="1.603" classname="TestNGEx.DateTimePicker"/>
</testsuite> <!-- TestNGEx.DateTimePicker -->
