<?xml version="1.0" encoding="UTF-8"?>
<!-- Generated by org.testng.reporters.JUnitReportReporter -->
<testsuite hostname="DESKTOP-5EESGLJ" name="TestNGEx.GroupsTest" tests="4" failures="0" timestamp="19 Oct 2017 09:02:37 GMT" time="0.031" errors="0">
  <testcase name="test1" time="0.015" classname="TestNGEx.GroupsTest"/>
  <testcase name="test2" time="0.009" classname="TestNGEx.GroupsTest"/>
  <testcase name="test3" time="0.002" classname="TestNGEx.GroupsTest"/>
  <testcase name="test5" time="0.005" classname="TestNGEx.GroupsTest"/>
</testsuite> <!-- TestNGEx.GroupsTest -->
