<?xml version="1.0" encoding="UTF-8"?>
<!-- Generated by org.testng.reporters.JUnitReportReporter -->
<testsuite hostname="DESKTOP-5EESGLJ" name="webdriver_examples.debugging" tests="1" failures="0" timestamp="2 Nov 2017 05:44:19 GMT" time="14.133" errors="0">
  <testcase name="testscript" time="14.133" classname="webdriver_examples.debugging"/>
</testsuite> <!-- webdriver_examples.debugging -->
