<?xml version="1.0" encoding="UTF-8"?>
<!-- Generated by org.testng.reporters.JUnitReportReporter -->
<testsuite hostname="DESKTOP-5EESGLJ" name="TestNGEx.dependsOnTest" tests="3" failures="0" timestamp="29 Oct 2017 11:20:26 GMT" time="0.017" errors="0">
  <testcase name="Inbox" time="0.002" classname="TestNGEx.dependsOnTest"/>
  <testcase name="logout" time="0.002" classname="TestNGEx.dependsOnTest"/>
  <testcase name="login" time="0.013" classname="TestNGEx.dependsOnTest"/>
</testsuite> <!-- TestNGEx.dependsOnTest -->
