<?xml version="1.0" encoding="UTF-8"?>
<!-- Generated by org.testng.reporters.JUnitReportReporter -->
<testsuite hostname="DESKTOP-5EESGLJ" name="TestNGEx.AllAnnatations" tests="2" failures="0" timestamp="22 Oct 2017 05:58:07 GMT" time="0.009" errors="0">
  <testcase name="test7" time="0.003" classname="TestNGEx.AllAnnatations"/>
  <testcase name="test6" time="0.006" classname="TestNGEx.AllAnnatations"/>
</testsuite> <!-- TestNGEx.AllAnnatations -->
