<?xml version="1.0" encoding="UTF-8"?>
<!-- Generated by org.testng.reporters.JUnitReportReporter -->
<testsuite hostname="DESKTOP-5EESGLJ" name="TestNGEx1.AllAnnatations1" tests="2" failures="0" timestamp="29 Oct 2017 11:15:42 GMT" time="0.009" errors="0">
  <testcase name="test2" time="0.001" classname="TestNGEx1.AllAnnatations1"/>
  <testcase name="test1" time="0.008" classname="TestNGEx1.AllAnnatations1"/>
</testsuite> <!-- TestNGEx1.AllAnnatations1 -->
